<?xml version="1.0" encoding="UTF-8"?>
<testng-results ignored="0" total="1" passed="1" failed="0" skipped="0">
  <reporter-output>
  </reporter-output>
  <suite started-at="2026-02-03T08:50:36 IST" name="Default suite" finished-at="2026-02-03T08:50:42 IST" duration-ms="6222">
    <groups>
    </groups>
    <test started-at="2026-02-03T08:50:36 IST" name="Default test" finished-at="2026-02-03T08:50:42 IST" duration-ms="6222">
      <class name="practice_3">
        <test-method signature="practice_3()[pri:0, instance:practice_3@77c2494c]" started-at="2026-02-03T08:50:36 IST" name="practice_3" finished-at="2026-02-03T08:50:42 IST" duration-ms="6156" status="PASS">
          <reporter-output>
          </reporter-output>
        </test-method> <!-- practice_3 -->
      </class> <!-- practice_3 -->
    </test> <!-- Default test -->
  </suite> <!-- Default suite -->
</testng-results>
